[2020-09-13T17:29:24.557] [DEBUG] cheese - login => username:admin,password:123456
[2020-09-13T17:29:24.559] [DEBUG] cheese - admin
[2020-09-13T17:29:24.570] [DEBUG] cheese - null
[2020-09-13T17:29:24.570] [DEBUG] cheese - null
[2020-09-13T17:39:30.289] [DEBUG] cheese - login => username:admin,password:123456
[2020-09-13T17:39:30.289] [DEBUG] cheese - admin
[2020-09-13T17:39:30.295] [DEBUG] cheese - null
[2020-09-13T17:39:30.295] [DEBUG] cheese - null
[2020-09-13T17:43:19.584] [DEBUG] cheese - login => username:admin,password:123456
[2020-09-13T17:43:19.584] [DEBUG] cheese - admin
[2020-09-13T17:43:19.588] [DEBUG] cheese - null
[2020-09-13T17:43:19.589] [DEBUG] cheese - null
[2020-09-13T17:47:17.354] [DEBUG] cheese - login => username:admin,password:123456
[2020-09-13T17:47:17.354] [DEBUG] cheese - admin
[2020-09-13T17:47:17.360] [DEBUG] cheese - null
[2020-09-13T17:47:17.360] [DEBUG] cheese - null
[2020-09-13T18:25:06.299] [DEBUG] cheese - login => username:admin,password:123456
[2020-09-13T18:25:06.299] [DEBUG] cheese - admin
[2020-09-13T18:25:06.305] [DEBUG] cheese - null
[2020-09-13T18:25:06.305] [DEBUG] cheese - null
[2020-09-13T18:36:45.429] [DEBUG] cheese - login => username:admin,password:123456
[2020-09-13T18:36:45.429] [DEBUG] cheese - admin
[2020-09-13T18:36:45.433] [DEBUG] cheese - null
[2020-09-13T18:36:45.433] [DEBUG] cheese - null
[2020-09-13T18:54:45.494] [DEBUG] cheese - login => username:admin,password:123456
[2020-09-13T18:54:45.494] [DEBUG] cheese - admin
[2020-09-13T18:54:45.497] [DEBUG] cheese - null
[2020-09-13T18:54:45.497] [DEBUG] cheese - null
[2020-09-13T18:57:14.851] [DEBUG] cheese - login => username:admin,password:123456
[2020-09-13T18:57:14.851] [DEBUG] cheese - admin
[2020-09-13T18:57:14.853] [DEBUG] cheese - null
[2020-09-13T18:57:14.853] [DEBUG] cheese - null
[2020-09-13T18:59:39.347] [DEBUG] cheese - login => username:admin,password:123456
[2020-09-13T18:59:39.347] [DEBUG] cheese - admin
[2020-09-13T18:59:39.348] [DEBUG] cheese - null
[2020-09-13T18:59:39.348] [DEBUG] cheese - null
[2020-09-13T22:44:00.408] [DEBUG] cheese - login => username:admin,password:123456
[2020-09-13T22:44:00.409] [DEBUG] cheese - admin
[2020-09-13T22:44:00.412] [DEBUG] cheese - null
[2020-09-13T22:44:00.412] [DEBUG] cheese - null
[2020-09-13T22:52:41.918] [DEBUG] cheese - login => username:admin,password:123456
[2020-09-13T22:52:41.918] [DEBUG] cheese - admin
[2020-09-13T22:52:41.920] [DEBUG] cheese - null
[2020-09-13T22:52:41.920] [DEBUG] cheese - null
[2020-09-13T23:04:32.413] [DEBUG] cheese - login => username:admin,password:123456
[2020-09-13T23:04:32.413] [DEBUG] cheese - admin
[2020-09-13T23:04:32.414] [DEBUG] cheese - null
[2020-09-13T23:04:32.414] [DEBUG] cheese - null
[2020-09-13T23:04:51.654] [DEBUG] cheese - login => username:admin,password:123456
[2020-09-13T23:04:51.654] [DEBUG] cheese - admin
[2020-09-13T23:04:51.656] [DEBUG] cheese - null
[2020-09-13T23:04:51.656] [DEBUG] cheese - null
[2020-09-14T20:41:08.635] [DEBUG] cheese - login => username:admin,password:123456
[2020-09-14T20:41:08.637] [DEBUG] cheese - admin
[2020-09-14T20:41:08.656] [DEBUG] cheese - null
[2020-09-14T20:41:08.657] [DEBUG] cheese - null
[2020-09-14T20:43:45.105] [DEBUG] cheese - login => username:admin,password:123456
[2020-09-14T20:43:45.106] [DEBUG] cheese - admin
[2020-09-14T20:43:45.111] [DEBUG] cheese - null
[2020-09-14T20:43:45.112] [DEBUG] cheese - null
[2020-09-15T22:08:54.242] [DEBUG] cheese - login => username:admin,password:123456
[2020-09-15T22:08:54.244] [DEBUG] cheese - admin
[2020-09-15T22:08:54.282] [DEBUG] cheese - null
[2020-09-15T22:08:54.283] [DEBUG] cheese - null
[2020-09-15T22:12:17.153] [DEBUG] cheese - login => username:admin,password:123456
[2020-09-15T22:12:17.153] [DEBUG] cheese - admin
[2020-09-15T22:12:17.156] [DEBUG] cheese - null
[2020-09-15T22:12:17.156] [DEBUG] cheese - null
[2020-09-15T23:12:51.441] [DEBUG] cheese - login => username:admin,password:123456
[2020-09-15T23:12:51.441] [DEBUG] cheese - admin
[2020-09-15T23:12:51.442] [DEBUG] cheese - null
[2020-09-15T23:12:51.442] [DEBUG] cheese - null
[2020-09-15T23:22:49.516] [DEBUG] cheese - login => username:test,password:test
[2020-09-15T23:22:49.516] [DEBUG] cheese - test
[2020-09-15T23:22:49.518] [DEBUG] cheese - null
[2020-09-15T23:22:49.518] [DEBUG] cheese - null
[2020-09-15T23:22:59.897] [DEBUG] cheese - login => username:admin,password:admin
[2020-09-15T23:22:59.897] [DEBUG] cheese - admin
[2020-09-15T23:22:59.899] [DEBUG] cheese - null
[2020-09-15T23:22:59.899] [DEBUG] cheese - null
[2020-09-15T23:23:07.037] [DEBUG] cheese - login => username:admin,password:123456
[2020-09-15T23:23:07.037] [DEBUG] cheese - admin
[2020-09-15T23:23:07.039] [DEBUG] cheese - null
[2020-09-15T23:23:07.039] [DEBUG] cheese - null
[2020-09-15T23:23:28.670] [DEBUG] cheese - login => username:test,password:test
[2020-09-15T23:23:28.670] [DEBUG] cheese - test
[2020-09-15T23:23:28.672] [DEBUG] cheese - null
[2020-09-15T23:23:28.672] [DEBUG] cheese - null
[2020-09-15T23:23:30.841] [DEBUG] cheese - login => username:test,password:test
[2020-09-15T23:23:30.841] [DEBUG] cheese - test
[2020-09-15T23:23:30.843] [DEBUG] cheese - null
[2020-09-15T23:23:30.843] [DEBUG] cheese - null
[2020-09-15T23:23:40.492] [DEBUG] cheese - login => username:admin,password:123456
[2020-09-15T23:23:40.492] [DEBUG] cheese - admin
[2020-09-15T23:23:40.493] [DEBUG] cheese - null
[2020-09-15T23:23:40.493] [DEBUG] cheese - null
[2020-09-15T23:24:15.276] [DEBUG] cheese - login => username:admin,password:123456
[2020-09-15T23:24:15.276] [DEBUG] cheese - admin
[2020-09-15T23:24:15.278] [DEBUG] cheese - null
[2020-09-15T23:24:15.278] [DEBUG] cheese - null
[2020-09-15T23:25:31.068] [DEBUG] cheese - login => username:test,password:123456
[2020-09-15T23:25:31.068] [DEBUG] cheese - test
[2020-09-15T23:25:31.070] [DEBUG] cheese - null
[2020-09-15T23:25:31.070] [DEBUG] cheese - null
[2020-09-15T23:25:35.571] [DEBUG] cheese - login => username:test,password:123456
[2020-09-15T23:25:35.571] [DEBUG] cheese - test
[2020-09-15T23:25:35.573] [DEBUG] cheese - null
[2020-09-15T23:25:35.573] [DEBUG] cheese - null
[2020-09-15T23:25:54.933] [DEBUG] cheese - login => username:admin,password:123456
[2020-09-15T23:25:54.933] [DEBUG] cheese - admin
[2020-09-15T23:25:54.936] [DEBUG] cheese - null
[2020-09-15T23:25:54.937] [DEBUG] cheese - null
[2020-09-16T21:05:18.439] [DEBUG] cheese - login => username:admin,password:123456
[2020-09-16T21:05:18.440] [DEBUG] cheese - admin
[2020-09-16T21:05:18.462] [DEBUG] cheese - null
[2020-09-16T21:05:18.462] [DEBUG] cheese - null
[2020-09-16T21:15:13.986] [DEBUG] cheese - login => username:admin,password:123456
[2020-09-16T21:15:13.986] [DEBUG] cheese - admin
[2020-09-16T21:15:13.991] [DEBUG] cheese - null
[2020-09-16T21:15:13.991] [DEBUG] cheese - null
[2020-09-18T21:06:31.204] [DEBUG] cheese - login => username:admin,password:123456
[2020-09-18T21:06:31.205] [DEBUG] cheese - admin
[2020-09-18T21:06:31.221] [DEBUG] cheese - null
[2020-09-18T21:06:31.222] [DEBUG] cheese - null
[2020-09-18T21:09:55.704] [DEBUG] cheese - login => username:admin,password:123456
[2020-09-18T21:09:55.704] [DEBUG] cheese - admin
[2020-09-18T21:09:55.709] [DEBUG] cheese - null
[2020-09-18T21:09:55.709] [DEBUG] cheese - null
[2020-09-18T22:32:45.333] [DEBUG] cheese - login => username:admin,password:123456
[2020-09-18T22:32:45.333] [DEBUG] cheese - admin
[2020-09-18T22:32:45.337] [DEBUG] cheese - null
[2020-09-18T22:32:45.338] [DEBUG] cheese - null
[2020-09-19T18:15:54.381] [DEBUG] cheese - login => username:admin,password:123456
[2020-09-19T18:15:54.381] [DEBUG] cheese - admin
[2020-09-19T18:15:54.395] [DEBUG] cheese - null
[2020-09-19T18:15:54.395] [DEBUG] cheese - null
[2020-09-19T18:16:26.064] [DEBUG] cheese - login => username:admin,password:123456
[2020-09-19T18:16:26.064] [DEBUG] cheese - admin
[2020-09-19T18:16:26.066] [DEBUG] cheese - null
[2020-09-19T18:16:26.067] [DEBUG] cheese - null
[2020-09-26T17:28:12.237] [DEBUG] cheese - login => username:admin,password:123456
[2020-09-26T17:28:12.239] [DEBUG] cheese - admin
[2020-09-26T17:28:12.250] [DEBUG] cheese - login => username:admin,password:123456
[2020-09-26T17:28:12.250] [DEBUG] cheese - admin
[2020-09-26T17:28:12.255] [DEBUG] cheese - login => username:admin,password:123456
[2020-09-26T17:28:12.255] [DEBUG] cheese - admin
[2020-09-26T17:28:12.258] [DEBUG] cheese - login => username:admin,password:123456
[2020-09-26T17:28:12.258] [DEBUG] cheese - admin
[2020-09-26T17:28:12.262] [DEBUG] cheese - login => username:admin,password:123456
[2020-09-26T17:28:12.262] [DEBUG] cheese - admin
[2020-09-26T17:28:12.264] [DEBUG] cheese - login => username:admin,password:123456
[2020-09-26T17:28:12.265] [DEBUG] cheese - admin
[2020-09-26T17:28:12.296] [DEBUG] cheese - null
[2020-09-26T17:28:12.297] [DEBUG] cheese - null
[2020-09-26T17:28:12.480] [DEBUG] cheese - null
[2020-09-26T17:28:12.480] [DEBUG] cheese - null
[2020-09-26T17:28:12.642] [DEBUG] cheese - null
[2020-09-26T17:28:12.642] [DEBUG] cheese - null
[2020-09-26T17:28:12.794] [DEBUG] cheese - null
[2020-09-26T17:28:12.794] [DEBUG] cheese - null
[2020-09-26T17:28:12.945] [DEBUG] cheese - null
[2020-09-26T17:28:12.946] [DEBUG] cheese - null
[2020-09-26T17:28:13.114] [DEBUG] cheese - null
[2020-09-26T17:28:13.114] [DEBUG] cheese - null
[2020-09-26T17:28:13.265] [DEBUG] cheese - login => username:admin,password:123456
[2020-09-26T17:28:13.265] [DEBUG] cheese - admin
[2020-09-26T17:28:13.268] [DEBUG] cheese - login => username:admin,password:123456
[2020-09-26T17:28:13.268] [DEBUG] cheese - admin
[2020-09-26T17:28:13.270] [DEBUG] cheese - login => username:admin,password:123456
[2020-09-26T17:28:13.270] [DEBUG] cheese - admin
[2020-09-26T17:28:13.273] [DEBUG] cheese - login => username:admin,password:123456
[2020-09-26T17:28:13.273] [DEBUG] cheese - admin
[2020-09-26T17:28:13.276] [DEBUG] cheese - login => username:admin,password:123456
[2020-09-26T17:28:13.276] [DEBUG] cheese - admin
[2020-09-26T17:28:13.279] [DEBUG] cheese - login => username:admin,password:123456
[2020-09-26T17:28:13.279] [DEBUG] cheese - admin
[2020-09-26T17:28:13.284] [DEBUG] cheese - null
[2020-09-26T17:28:13.284] [DEBUG] cheese - null
[2020-09-26T17:28:13.427] [DEBUG] cheese - null
[2020-09-26T17:28:13.427] [DEBUG] cheese - null
[2020-09-26T17:28:13.579] [DEBUG] cheese - null
[2020-09-26T17:28:13.579] [DEBUG] cheese - null
[2020-09-26T17:28:13.739] [DEBUG] cheese - null
[2020-09-26T17:28:13.739] [DEBUG] cheese - null
[2020-09-26T17:28:13.883] [DEBUG] cheese - null
[2020-09-26T17:28:13.883] [DEBUG] cheese - null
[2020-09-26T17:28:14.030] [DEBUG] cheese - null
[2020-09-26T17:28:14.030] [DEBUG] cheese - null
[2020-09-26T17:28:28.773] [DEBUG] cheese - login => username:admin,password:123456
[2020-09-26T17:28:28.773] [DEBUG] cheese - admin
[2020-09-26T17:29:08.261] [DEBUG] cheese - null
[2020-09-26T17:29:08.261] [DEBUG] cheese - null
[2020-09-26T17:29:08.403] [DEBUG] cheese - login => username:admin,password:123456
[2020-09-26T17:29:08.403] [DEBUG] cheese - admin
[2020-09-26T17:29:08.406] [DEBUG] cheese - null
[2020-09-26T17:29:08.406] [DEBUG] cheese - null
[2020-09-26T17:29:39.666] [DEBUG] cheese - login => username:admin,password:123456
[2020-09-26T17:29:39.668] [DEBUG] cheese - admin
[2020-09-26T17:29:39.688] [DEBUG] cheese - null
[2020-09-26T17:29:39.689] [DEBUG] cheese - null
[2020-09-26T17:30:01.395] [DEBUG] cheese - login => username:admin,password:123456
[2020-09-26T17:30:01.397] [DEBUG] cheese - admin
[2020-09-26T17:30:01.414] [DEBUG] cheese - null
[2020-09-26T17:30:01.415] [DEBUG] cheese - null
[2020-09-26T17:35:40.396] [DEBUG] cheese - login => username:admin,password:123456
[2020-09-26T17:35:40.396] [DEBUG] cheese - admin
[2020-09-26T17:35:40.407] [DEBUG] cheese - null
[2020-09-26T17:35:40.407] [DEBUG] cheese - null
[2020-09-26T18:11:14.751] [DEBUG] cheese - login => username:admin,password:123456
[2020-09-26T18:11:14.753] [DEBUG] cheese - admin
[2020-09-26T18:11:14.763] [DEBUG] cheese - null
[2020-09-26T18:11:14.764] [DEBUG] cheese - null
[2020-09-26T22:30:22.299] [DEBUG] cheese - null
[2020-09-26T22:44:45.842] [DEBUG] cheese - null
[2020-09-26T22:44:57.248] [DEBUG] cheese - null
[2020-09-26T22:48:29.736] [DEBUG] cheese - null
[2020-09-26T22:48:45.124] [DEBUG] cheese - null
[2020-09-26T22:49:17.489] [DEBUG] cheese - null
[2020-09-26T22:49:47.502] [DEBUG] cheese - null
[2020-09-26T22:50:11.953] [DEBUG] cheese - null
[2020-09-26T22:50:21.420] [DEBUG] cheese - null
[2020-09-26T23:19:39.485] [DEBUG] cheese - login => username:admin,password:123456
[2020-09-26T23:19:39.487] [DEBUG] cheese - admin
[2020-09-26T23:19:39.508] [DEBUG] cheese - null
[2020-09-26T23:19:39.509] [DEBUG] cheese - null
[2020-09-27T21:07:09.426] [DEBUG] cheese - login => username:admin,password:123456
[2020-09-27T21:07:09.428] [DEBUG] cheese - admin
[2020-09-27T21:07:09.461] [DEBUG] cheese - null
[2020-09-27T21:07:09.462] [DEBUG] cheese - null
[2020-09-27T22:05:47.964] [DEBUG] cheese - login => username:admin,password:123456
[2020-09-27T22:05:47.964] [DEBUG] cheese - admin
[2020-09-27T22:05:47.973] [DEBUG] cheese - null
[2020-09-27T22:05:47.973] [DEBUG] cheese - null
[2020-09-28T22:07:48.998] [DEBUG] cheese - login => username:admin,password:123456
[2020-09-28T22:07:49.000] [DEBUG] cheese - admin
[2020-09-28T22:07:49.032] [DEBUG] cheese - null
[2020-09-28T22:07:49.033] [DEBUG] cheese - null
[2020-09-28T22:10:01.196] [DEBUG] cheese - login => username:admin,password:123456
[2020-09-28T22:10:01.196] [DEBUG] cheese - admin
[2020-09-28T22:10:01.205] [DEBUG] cheese - null
[2020-09-28T22:10:01.205] [DEBUG] cheese - null
[2020-10-24T19:47:11.875] [DEBUG] cheese - login => username:admin,password:123456
[2020-10-24T19:47:11.879] [DEBUG] cheese - admin
[2020-10-24T19:47:12.187] [DEBUG] cheese - null
[2020-10-24T19:47:12.189] [DEBUG] cheese - null
[2020-10-24T19:52:21.182] [DEBUG] cheese - login => username:admin,password:123456
[2020-10-24T19:52:21.186] [DEBUG] cheese - admin
[2020-10-24T19:52:21.211] [DEBUG] cheese - null
[2020-10-24T19:52:21.212] [DEBUG] cheese - null
[2020-10-24T19:56:58.146] [DEBUG] cheese - null
[2020-10-24T19:57:57.577] [DEBUG] cheese - null
[2020-10-24T19:58:53.709] [DEBUG] cheese - null
[2020-10-24T19:59:44.871] [DEBUG] cheese - null
[2020-10-24T20:37:43.269] [DEBUG] cheese - null
[2020-10-24T20:39:23.534] [DEBUG] cheese - null
[2020-10-24T20:42:47.381] [DEBUG] cheese - null
[2020-10-24T20:52:25.213] [DEBUG] cheese - null
[2020-10-24T20:56:38.409] [DEBUG] cheese - null
[2020-10-24T20:57:26.557] [DEBUG] cheese - null
[2020-10-24T20:57:36.194] [DEBUG] cheese - null
[2020-10-24T20:58:38.859] [DEBUG] cheese - null
[2020-10-24T20:59:46.256] [DEBUG] cheese - null
[2020-10-24T21:00:17.175] [DEBUG] cheese - null
[2020-10-24T21:00:22.906] [DEBUG] cheese - null
[2020-10-24T21:00:52.514] [DEBUG] cheese - null
[2020-10-24T21:00:57.809] [DEBUG] cheese - null
[2020-10-24T21:07:36.758] [DEBUG] cheese - null
[2020-10-24T21:33:58.942] [DEBUG] cheese - null
[2020-10-24T21:36:46.349] [DEBUG] cheese - null
[2020-10-24T21:37:01.390] [DEBUG] cheese - null
[2020-10-24T21:38:02.657] [DEBUG] cheese - null
[2020-10-24T21:38:32.506] [DEBUG] cheese - null
